<?xml version="1.0" encoding="UTF-8"?>
<testsuite name="SocketDataProxyServiceTest" tests="1" skipped="0" failures="0" errors="0" timestamp="2022-03-01T14:41:10" hostname="xunmenglongdeMacBook-Air.local" time="0.349">
  <properties/>
  <testcase name="testSync2" classname="SocketDataProxyServiceTest" time="0.349"/>
  <system-out><![CDATA[low:32768 high:65536
connection-timeout:30000ms
threadWorker user
threadWorker end
init channel....
----------------------------ctx:open--------
socket.NettyBlockUser@5e2e9db9 >> open false
active
socket.NettyBlockUser@5e2e9db9 >> open true
ok,登录完成:{admin,123456} >>>login ok
ok,通知加载完成:通知一
通知二
通知三
ok,议题加载完成:1，迅猛龙的架构中FRA分别指那三层

socket.NettyBlockUser@5e2e9db9 >> close,pc.appdoor.mac.0002
]]></system-out>
  <system-err><![CDATA[]]></system-err>
</testsuite>
